{
  "stats": {
    "suites": 1,
    "tests": 1,
    "passes": 1,
    "pending": 0,
    "failures": 0,
    "start": "2020-03-12T07:41:17.663Z",
    "end": "2020-03-12T07:41:39.545Z",
    "duration": 21882,
    "testsRegistered": 1,
    "passPercent": 100,
    "pendingPercent": 0,
    "other": 0,
    "hasOther": false,
    "skipped": 0,
    "hasSkipped": false,
    "passPercentClass": "success",
    "pendingPercentClass": "danger"
  },
  "suites": {
    "uuid": "58cf55ca-fb9a-4d98-a67a-eb571f5493ce",
    "title": "",
    "fullFile": "",
    "file": "",
    "beforeHooks": [
      {
        "title": "\"before all\" hook",
        "fullTitle": "\"before all\" hook",
        "timedOut": false,
        "duration": 889,
        "pass": false,
        "fail": false,
        "pending": false,
        "code": "global.expect = expect;\nglobal.browser = await puppeteer.launch(opts);",
        "err": {},
        "isRoot": true,
        "uuid": "0a7199df-09d4-461c-ab25-511631823820",
        "isHook": true,
        "skipped": false
      }
    ],
    "afterHooks": [
      {
        "title": "\"after all\" hook",
        "fullTitle": "\"after all\" hook",
        "timedOut": false,
        "duration": 150,
        "pass": false,
        "fail": false,
        "pending": false,
        "code": "browser.close();\nsetTimeout( () => { cmd.run('node server.js');}, 5000)\nsetTimeout(() => {opn('http://localhost:9988');}, 2000);\n // open('./mochawesome-report/mochawesome.html');\nglobal.browser = globalVariables.browser;\nglobal.expect = globalVariables.expect;",
        "err": {},
        "isRoot": true,
        "uuid": "3d3b9170-b7c1-4755-ad4c-6f2eeb0ab33c",
        "isHook": true,
        "skipped": false
      }
    ],
    "tests": [],
    "suites": [
      {
        "uuid": "0bc7e8ac-8a2e-450f-938c-7673dd2b19ca",
        "title": "simple test for fv main console",
        "fullFile": "Q:\\clarido\\webdev2\\automated-test\\031220\\puppeteer-mocha-automated-testing\\test\\sample.spec.js",
        "file": "\\test\\sample.spec.js",
        "beforeHooks": [
          {
            "title": "\"before all\" hook",
            "fullTitle": "simple test for fv main console \"before all\" hook",
            "timedOut": false,
            "duration": 6457,
            "pass": false,
            "fail": false,
            "pending": false,
            "code": "page = await browser.newPage();\nawait page.goto(\"https://www.linkedin.com/login?fromSignIn=true&trk=guest_homepage-basic_nav-header-signin\");\nawait page.setViewport( { width: 1920, height: 1040} );",
            "err": {},
            "isRoot": false,
            "uuid": "3e02bf7c-c572-4ee4-a2d1-37e6131d1b2a",
            "isHook": true,
            "skipped": false
          }
        ],
        "afterHooks": [
          {
            "title": "\"after all\" hook",
            "fullTitle": "simple test for fv main console \"after all\" hook",
            "timedOut": false,
            "duration": 126,
            "pass": false,
            "fail": false,
            "pending": false,
            "code": "await page.close();",
            "err": {},
            "isRoot": false,
            "uuid": "6fa97ab4-c355-4f29-8dd5-45bdfc7d4c02",
            "isHook": true,
            "skipped": false
          }
        ],
        "tests": [
          {
            "title": "should login to home page",
            "fullTitle": "simple test for fv main console should login to home page",
            "timedOut": false,
            "duration": 14250,
            "state": "passed",
            "speed": "slow",
            "pass": true,
            "fail": false,
            "pending": false,
            "code": "const emailInput = \"#username\";\nconst passwordInput = \"#password\";\nconst submitSelector = \"#app__container > main > div > form > div.login__form_action_container > button\";\n \n linkEmail = await page.$(emailInput);\n linkPassword = await page.$(passwordInput);\n linkSubmit = await page.$(submitSelector);\n await linkEmail.click({ clickCount: 3 });\n await linkEmail.type('tariqul.islam.rony@gmail.com'); // add the email address for linkedin //\n await linkPassword.click({ clickCount: 3});\n await linkPassword.type('programmerrony01'); // add password for linkedin account\n await linkSubmit.click();\n await page.waitForNavigation();\n await page.waitFor(3000);",
            "err": {},
            "isRoot": false,
            "uuid": "36af5dc2-0587-4a0d-855b-c879afdf316f",
            "isHook": false,
            "skipped": false
          }
        ],
        "suites": [],
        "passes": [
          "36af5dc2-0587-4a0d-855b-c879afdf316f"
        ],
        "failures": [],
        "pending": [],
        "skipped": [],
        "duration": 14250,
        "root": false,
        "rootEmpty": false,
        "_timeout": 0
      }
    ],
    "passes": [],
    "failures": [],
    "pending": [],
    "skipped": [],
    "duration": 0,
    "root": true,
    "rootEmpty": true,
    "_timeout": 0
  },
  "copyrightYear": 2020
}